# JRE version: Java(TM) SE Runtime Environment (7.0_51-b13) (build 1.7.0_51-b13)
# Java VM: Java HotSpot(TM) 64-Bit Server VM (24.51-b03 mixed mode linux-amd64 compressed oops)
Heap
 PSYoungGen      total 193024K, used 148783K [0x00000007d5500000, 0x00000007e3200000, 0x0000000800000000)
  eden space 159744K, 93% used [0x00000007d5500000,0x00000007de64bcf0,0x00000007df100000)
  from space 33280K, 0% used [0x00000007e1180000,0x00000007e1180000,0x00000007e3200000)
  to   space 33280K, 0% used [0x00000007df100000,0x00000007df100000,0x00000007e1180000)
 ParOldGen       total 94208K, used 55614K [0x0000000780000000, 0x0000000785c00000, 0x00000007d5500000)
  object space 94208K, 59% used [0x0000000780000000,0x000000078364fa90,0x0000000785c00000)
 PSPermGen       total 107520K, used 76766K [0x0000000760000000, 0x0000000766900000, 0x0000000780000000)
  object space 107520K, 71% used [0x0000000760000000,0x0000000764af7848,0x0000000766900000)
GC Heap History (10 events):
Event: 34.108 GC heap before
{Heap before GC invocations=13 (full 2):
 PSYoungGen      total 145408K, used 15870K [0x00000007d5500000, 0x00000007e1d80000, 0x0000000800000000)
  eden space 129536K, 0% used [0x00000007d5500000,0x00000007d5500000,0x00000007dd380000)
  from space 15872K, 99% used [0x00000007dd380000,0x00000007de2ff898,0x00000007de300000)
  to   space 24576K, 0% used [0x00000007e0580000,0x00000007e0580000,0x00000007e1d80000)
 ParOldGen       total 61952K, used 49872K [0x0000000780000000, 0x0000000783c80000, 0x00000007d5500000)
  object space 61952K, 80% used [0x0000000780000000,0x00000007830b4200,0x0000000783c80000)
 PSPermGen       total 67072K, used 51715K [0x0000000760000000, 0x0000000764180000, 0x0000000780000000)
  object space 67072K, 77% used [0x0000000760000000,0x0000000763280eb8,0x0000000764180000)
Event: 34.934 GC heap after
Heap after GC invocations=13 (full 2):
 PSYoungGen      total 145408K, used 0K [0x00000007d5500000, 0x00000007e1d80000, 0x0000000800000000)
  eden space 129536K, 0% used [0x00000007d5500000,0x00000007d5500000,0x00000007dd380000)
  from space 15872K, 0% used [0x00000007dd380000,0x00000007dd380000,0x00000007de300000)
  to   space 24576K, 0% used [0x00000007e0580000,0x00000007e0580000,0x00000007e1d80000)
 ParOldGen       total 94208K, used 47351K [0x0000000780000000, 0x0000000785c00000, 0x00000007d5500000)
  object space 94208K, 50% used [0x0000000780000000,0x0000000782e3dcb0,0x0000000785c00000)
 PSPermGen       total 89088K, used 51710K [0x0000000760000000, 0x0000000765700000, 0x0000000780000000)
  object space 89088K, 58% used [0x0000000760000000,0x000000076327fa70,0x0000000765700000)
}
Event: 43.687 GC heap before
{Heap before GC invocations=14 (full 2):
 PSYoungGen      total 145408K, used 129536K [0x00000007d5500000, 0x00000007e1d80000, 0x0000000800000000)
  eden space 129536K, 100% used [0x00000007d5500000,0x00000007dd380000,0x00000007dd380000)
  from space 15872K, 0% used [0x00000007dd380000,0x00000007dd380000,0x00000007de300000)
  to   space 24576K, 0% used [0x00000007e0580000,0x00000007e0580000,0x00000007e1d80000)
 ParOldGen       total 94208K, used 47351K [0x0000000780000000, 0x0000000785c00000, 0x00000007d5500000)
  object space 94208K, 50% used [0x0000000780000000,0x0000000782e3dcb0,0x0000000785c00000)
 PSPermGen       total 89088K, used 58661K [0x0000000760000000, 0x0000000765700000, 0x0000000780000000)
  object space 89088K, 65% used [0x0000000760000000,0x00000007639497b0,0x0000000765700000)
Event: 43.769 GC heap after
Heap after GC invocations=14 (full 2):
 PSYoungGen      total 161792K, used 16736K [0x00000007d5500000, 0x00000007e1600000, 0x0000000800000000)
  eden space 144896K, 0% used [0x00000007d5500000,0x00000007d5500000,0x00000007de280000)
  from space 16896K, 99% used [0x00000007e0580000,0x00000007e15d8360,0x00000007e1600000)
  to   space 26112K, 0% used [0x00000007de300000,0x00000007de300000,0x00000007dfc80000)
 ParOldGen       total 94208K, used 47359K [0x0000000780000000, 0x0000000785c00000, 0x00000007d5500000)
  object space 94208K, 50% used [0x0000000780000000,0x0000000782e3fcb0,0x0000000785c00000)
 PSPermGen       total 89088K, used 58661K [0x0000000760000000, 0x0000000765700000, 0x0000000780000000)
  object space 89088K, 65% used [0x0000000760000000,0x00000007639497b0,0x0000000765700000)
}
Event: 67.784 GC heap before
{Heap before GC invocations=15 (full 2):
 PSYoungGen      total 161792K, used 161632K [0x00000007d5500000, 0x00000007e1600000, 0x0000000800000000)
  eden space 144896K, 100% used [0x00000007d5500000,0x00000007de280000,0x00000007de280000)
  from space 16896K, 99% used [0x00000007e0580000,0x00000007e15d8360,0x00000007e1600000)
  to   space 26112K, 0% used [0x00000007de300000,0x00000007de300000,0x00000007dfc80000)
 ParOldGen       total 94208K, used 47359K [0x0000000780000000, 0x0000000785c00000, 0x00000007d5500000)
  object space 94208K, 50% used [0x0000000780000000,0x0000000782e3fcb0,0x0000000785c00000)
 PSPermGen       total 89088K, used 71964K [0x0000000760000000, 0x0000000765700000, 0x0000000780000000)
  object space 89088K, 80% used [0x0000000760000000,0x00000007646471a8,0x0000000765700000)
Event: 67.899 GC heap after
Heap after GC invocations=15 (full 2):
 PSYoungGen      total 171520K, used 26087K [0x00000007d5500000, 0x00000007e3200000, 0x0000000800000000)
  eden space 145408K, 0% used [0x00000007d5500000,0x00000007d5500000,0x00000007de300000)
  from space 26112K, 99% used [0x00000007de300000,0x00000007dfc79f90,0x00000007dfc80000)
  to   space 33280K, 0% used [0x00000007e1180000,0x00000007e1180000,0x00000007e3200000)
 ParOldGen       total 94208K, used 54514K [0x0000000780000000, 0x0000000785c00000, 0x00000007d5500000)
  object space 94208K, 57% used [0x0000000780000000,0x000000078353c8b8,0x0000000785c00000)
 PSPermGen       total 89088K, used 71964K [0x0000000760000000, 0x0000000765700000, 0x0000000780000000)
  object space 89088K, 80% used [0x0000000760000000,0x00000007646471a8,0x0000000765700000)
}
Event: 80.279 GC heap before
{Heap before GC invocations=16 (full 2):
 PSYoungGen      total 171520K, used 51575K [0x00000007d5500000, 0x00000007e3200000, 0x0000000800000000)
  eden space 145408K, 17% used [0x00000007d5500000,0x00000007d6de3f00,0x00000007de300000)
  from space 26112K, 99% used [0x00000007de300000,0x00000007dfc79f90,0x00000007dfc80000)
  to   space 33280K, 0% used [0x00000007e1180000,0x00000007e1180000,0x00000007e3200000)
 ParOldGen       total 94208K, used 54514K [0x0000000780000000, 0x0000000785c00000, 0x00000007d5500000)
  object space 94208K, 57% used [0x0000000780000000,0x000000078353c8b8,0x0000000785c00000)
 PSPermGen       total 89088K, used 72185K [0x0000000760000000, 0x0000000765700000, 0x0000000780000000)
  object space 89088K, 81% used [0x0000000760000000,0x000000076467e5c8,0x0000000765700000)
Event: 80.380 GC heap after
Heap after GC invocations=16 (full 2):
 PSYoungGen      total 193024K, used 339K [0x00000007d5500000, 0x00000007e3200000, 0x0000000800000000)
  eden space 159744K, 0% used [0x00000007d5500000,0x00000007d5500000,0x00000007df100000)
  from space 33280K, 1% used [0x00000007e1180000,0x00000007e11d4e08,0x00000007e3200000)
  to   space 33280K, 0% used [0x00000007df100000,0x00000007df100000,0x00000007e1180000)
 ParOldGen       total 94208K, used 77946K [0x0000000780000000, 0x0000000785c00000, 0x00000007d5500000)
  object space 94208K, 82% used [0x0000000780000000,0x0000000784c1eb90,0x0000000785c00000)
 PSPermGen       total 89088K, used 72185K [0x0000000760000000, 0x0000000765700000, 0x0000000780000000)
  object space 89088K, 81% used [0x0000000760000000,0x000000076467e5c8,0x0000000765700000)
}
Event: 80.380 GC heap before
{Heap before GC invocations=17 (full 3):
 PSYoungGen      total 193024K, used 339K [0x00000007d5500000, 0x00000007e3200000, 0x0000000800000000)
  eden space 159744K, 0% used [0x00000007d5500000,0x00000007d5500000,0x00000007df100000)
  from space 33280K, 1% used [0x00000007e1180000,0x00000007e11d4e08,0x00000007e3200000)
  to   space 33280K, 0% used [0x00000007df100000,0x00000007df100000,0x00000007e1180000)
 ParOldGen       total 94208K, used 77946K [0x0000000780000000, 0x0000000785c00000, 0x00000007d5500000)
  object space 94208K, 82% used [0x0000000780000000,0x0000000784c1eb90,0x0000000785c00000)
 PSPermGen       total 89088K, used 72185K [0x0000000760000000, 0x0000000765700000, 0x0000000780000000)
  object space 89088K, 81% used [0x0000000760000000,0x000000076467e5c8,0x0000000765700000)
Event: 81.987 GC heap after
Heap after GC invocations=17 (full 3):
 PSYoungGen      total 193024K, used 0K [0x00000007d5500000, 0x00000007e3200000, 0x0000000800000000)
  eden space 159744K, 0% used [0x00000007d5500000,0x00000007d5500000,0x00000007df100000)
  from space 33280K, 0% used [0x00000007e1180000,0x00000007e1180000,0x00000007e3200000)
  to   space 33280K, 0% used [0x00000007df100000,0x00000007df100000,0x00000007e1180000)
 ParOldGen       total 94208K, used 55614K [0x0000000780000000, 0x0000000785c00000, 0x00000007d5500000)
  object space 94208K, 59% used [0x0000000780000000,0x000000078364fa90,0x0000000785c00000)
 PSPermGen       total 107520K, used 72177K [0x0000000760000000, 0x0000000766900000, 0x0000000780000000)
  object space 107520K, 67% used [0x0000000760000000,0x000000076467c710,0x0000000766900000)
}

